# JRE version: Java(TM) SE Runtime Environment (22.0+36) (build 22+36-2370)
# Java VM: Java HotSpot(TM) 64-Bit Server VM (22+36-2370, mixed mode, sharing, tiered, compressed oops, compressed class ptrs, g1 gc, windows-amd64)
GC Precious Log:
 CardTable entry size: 512
 Card Set container configuration: InlinePtr #cards 5 size 8 Array Of Cards #cards 12 size 40 Howl #buckets 4 coarsen threshold 1843 Howl Bitmap #cards 512 size 80 coarsen threshold 460 Card regions per heap region 1 cards per card region 2048
 CPUs: 2 total, 2 available
 Memory: 3660M
 Large Page Support: Disabled
 NUMA Support: Disabled
 Compressed Oops: Enabled (32-bit)
 Heap Region Size: 1M
 Heap Min Capacity: 8M
 Heap Initial Capacity: 8M
 Heap Max Capacity: 916M
 Pre-touch: Disabled
 Parallel Workers: 2
 Concurrent Workers: 1
 Concurrent Refinement Workers: 2
 Periodic GC: Disabled
Heap:
 garbage-first heap   total reserved 937984K, committed 10240K, used 7130K [0x00000000c6c00000, 0x0000000100000000)
  region size 1024K, 4 young (4096K), 1 survivors (1024K)
 Metaspace       used 8947K, committed 9152K, reserved 1114112K
  class space    used 1049K, committed 1152K, reserved 1048576K
GC Heap History (13 events):
Event: 2.004 GC heap before
{Heap before GC invocations=0 (full 0):
 garbage-first heap   total reserved 937984K, committed 8192K, used 3072K [0x00000000c6c00000, 0x0000000100000000)
  region size 1024K, 4 young (4096K), 0 survivors (0K)
 Metaspace       used 5681K, committed 5824K, reserved 1114112K
  class space    used 683K, committed 704K, reserved 1048576K
}
Event: 2.026 GC heap after
{Heap after GC invocations=1 (full 0):
 garbage-first heap   total reserved 937984K, committed 8192K, used 1799K [0x00000000c6c00000, 0x0000000100000000)
  region size 1024K, 1 young (1024K), 1 survivors (1024K)
 Metaspace       used 5681K, committed 5824K, reserved 1114112K
  class space    used 683K, committed 704K, reserved 1048576K
}
Event: 2.742 GC heap before
{Heap before GC invocations=1 (full 0):
 garbage-first heap   total reserved 937984K, committed 8192K, used 3847K [0x00000000c6c00000, 0x0000000100000000)
  region size 1024K, 3 young (3072K), 1 survivors (1024K)
 Metaspace       used 7722K, committed 7936K, reserved 1114112K
  class space    used 891K, committed 1024K, reserved 1048576K
}
Event: 2.755 GC heap after
{Heap after GC invocations=2 (full 0):
 garbage-first heap   total reserved 937984K, committed 8192K, used 2633K [0x00000000c6c00000, 0x0000000100000000)
  region size 1024K, 1 young (1024K), 1 survivors (1024K)
 Metaspace       used 7722K, committed 7936K, reserved 1114112K
  class space    used 891K, committed 1024K, reserved 1048576K
}
Event: 3.124 GC heap before
{Heap before GC invocations=2 (full 0):
 garbage-first heap   total reserved 937984K, committed 8192K, used 4681K [0x00000000c6c00000, 0x0000000100000000)
  region size 1024K, 3 young (3072K), 1 survivors (1024K)
 Metaspace       used 8019K, committed 8192K, reserved 1114112K
  class space    used 935K, committed 1024K, reserved 1048576K
}
Event: 3.135 GC heap after
{Heap after GC invocations=3 (full 0):
 garbage-first heap   total reserved 937984K, committed 8192K, used 3275K [0x00000000c6c00000, 0x0000000100000000)
  region size 1024K, 1 young (1024K), 1 survivors (1024K)
 Metaspace       used 8019K, committed 8192K, reserved 1114112K
  class space    used 935K, committed 1024K, reserved 1048576K
}
Event: 3.297 GC heap before
{Heap before GC invocations=3 (full 0):
 garbage-first heap   total reserved 937984K, committed 8192K, used 4299K [0x00000000c6c00000, 0x0000000100000000)
  region size 1024K, 2 young (2048K), 1 survivors (1024K)
 Metaspace       used 8063K, committed 8256K, reserved 1114112K
  class space    used 935K, committed 1024K, reserved 1048576K
}
Event: 3.305 GC heap after
{Heap after GC invocations=4 (full 0):
 garbage-first heap   total reserved 937984K, committed 8192K, used 3485K [0x00000000c6c00000, 0x0000000100000000)
  region size 1024K, 1 young (1024K), 1 survivors (1024K)
 Metaspace       used 8063K, committed 8256K, reserved 1114112K
  class space    used 935K, committed 1024K, reserved 1048576K
}
Event: 3.370 GC heap before
{Heap before GC invocations=4 (full 0):
 garbage-first heap   total reserved 937984K, committed 8192K, used 4509K [0x00000000c6c00000, 0x0000000100000000)
  region size 1024K, 2 young (2048K), 1 survivors (1024K)
 Metaspace       used 8063K, committed 8256K, reserved 1114112K
  class space    used 935K, committed 1024K, reserved 1048576K
}
Event: 3.375 GC heap after
{Heap after GC invocations=5 (full 0):
 garbage-first heap   total reserved 937984K, committed 10240K, used 3540K [0x00000000c6c00000, 0x0000000100000000)
  region size 1024K, 1 young (1024K), 1 survivors (1024K)
 Metaspace       used 8063K, committed 8256K, reserved 1114112K
  class space    used 935K, committed 1024K, reserved 1048576K
}
Event: 3.695 GC heap before
{Heap before GC invocations=6 (full 0):
 garbage-first heap   total reserved 937984K, committed 10240K, used 6612K [0x00000000c6c00000, 0x0000000100000000)
  region size 1024K, 4 young (4096K), 1 survivors (1024K)
 Metaspace       used 8195K, committed 8320K, reserved 1114112K
  class space    used 955K, committed 1024K, reserved 1048576K
}
Event: 3.702 GC heap after
{Heap after GC invocations=7 (full 0):
 garbage-first heap   total reserved 937984K, committed 10240K, used 4058K [0x00000000c6c00000, 0x0000000100000000)
  region size 1024K, 1 young (1024K), 1 survivors (1024K)
 Metaspace       used 8195K, committed 8320K, reserved 1114112K
  class space    used 955K, committed 1024K, reserved 1048576K
}
Event: 4.190 GC heap before
{Heap before GC invocations=7 (full 0):
 garbage-first heap   total reserved 937984K, committed 10240K, used 7130K [0x00000000c6c00000, 0x0000000100000000)
  region size 1024K, 4 young (4096K), 1 survivors (1024K)
 Metaspace       used 8947K, committed 9152K, reserved 1114112K
  class space    used 1049K, committed 1152K, reserved 1048576K
}

